最西北角的东侧有以下树叶区块:
#Lv.4 区块：(0<=x<=16384),	 (49152<=y<=65536)
	此区块由其父节点分裂产生，但是没有基站
#Lv.5 区块：(0<=x<=8192),	 (40960<=y<=49152)
	此区块由其父节点分裂产生，但是没有基站
#Lv.7 区块：(0<=x<=2048),	 (38912<=y<=40960)
	基站#2094:	坐标(521,39251)	类别:城区	相对强度:0.9770
	基站#2095:	坐标(1058,39276)	类别:城区	相对强度:0.9660
	基站#2096:	坐标(1590,39249)	类别:城区	相对强度:0.9940
	基站#2140:	坐标(250,39793)	类别:城区	相对强度:0.9650
	基站#2141:	坐标(790,39790)	类别:城区	相对强度:1.0380
	基站#2142:	坐标(1372,39772)	类别:城区	相对强度:1.0410
	基站#2143:	坐标(1898,39801)	类别:城区	相对强度:0.9750
#Lv.8 区块：(0<=x<=1024),	 (37888<=y<=38912)
	基站#2000:	坐标(4,38158)	类别:城区	相对强度:1.0340
	基站#2001:	坐标(551,38166)	类别:城区	相对强度:0.9540
	基站#2047:	坐标(279,38727)	类别:城区	相对强度:0.9650
	基站#2048:	坐标(808,38708)	类别:城区	相对强度:1.0050
#Lv.8 区块：(0<=x<=1024),	 (36864<=y<=37888)
	基站#1908:	坐标(522,37075)	类别:城区	相对强度:0.9550
	基站#1954:	坐标(281,37614)	类别:城区	相对强度:1.0300
	基站#1955:	坐标(831,37659)	类别:城区	相对强度:1.0410
#Lv.8 区块：(0<=x<=1024),	 (35840<=y<=36864)
	基站#1815:	坐标(517,36043)	类别:城区	相对强度:0.9740
	基站#1861:	坐标(256,36577)	类别:城区	相对强度:1.0430
	基站#1862:	坐标(827,36567)	类别:城区	相对强度:1.0110
#Lv.8 区块：(0<=x<=1024),	 (34816<=y<=35840)
	基站#1722:	坐标(527,34943)	类别:城区	相对强度:1.0380
	基站#1768:	坐标(270,35484)	类别:城区	相对强度:1.0320
	基站#1769:	坐标(798,35502)	类别:城区	相对强度:1.0050
#Lv.8 区块：(0<=x<=1024),	 (33792<=y<=34816)
	基站#1628:	坐标(5,33840)	类别:城区	相对强度:1.0030
	基站#1629:	坐标(561,33871)	类别:城区	相对强度:1.0260
	基站#1675:	坐标(287,34391)	类别:城区	相对强度:1.0200
	基站#1676:	坐标(800,34420)	类别:城区	相对强度:1.0200
#Lv.8 区块：(0<=x<=1024),	 (32768<=y<=33792)
	基站#1536:	坐标(520,32795)	类别:城区	相对强度:1.0020
	基站#1582:	坐标(263,33314)	类别:城区	相对强度:1.0300
	基站#1583:	坐标(819,33341)	类别:城区	相对强度:0.9900
---

最西北角的南侧有以下树叶区块:
#Lv.5 区块：(-8192<=x<=0),	 (24576<=y<=32768)
	基站#884:	坐标(-6,25251)	类别:城区	相对强度:1.0120
	基站#977:	坐标(-10,26322)	类别:城区	相对强度:1.0310
	基站#1256:	坐标(-26,29538)	类别:城区	相对强度:1.0140
	基站#1349:	坐标(-17,30609)	类别:城区	相对强度:0.9790
#Lv.5 区块：(-16384<=x<=-8192),	 (24576<=y<=32768)
	此区块由其父节点分裂产生，但是没有基站
#Lv.4 区块：(-32768<=x<=-16384),	 (16384<=y<=32768)
	此区块由其父节点分裂产生，但是没有基站
---

最东南角的西北侧有以下树叶区块:
#Lv.7 区块：(81920<=x<=83968),	 (0<=y<=2048)
	基站#2985:	坐标(83639,46)	类别:乡镇	相对强度:1.0000
	基站#3002:	坐标(83517,1730)	类别:乡镇	相对强度:1.0060
#Lv.7 区块：(83968<=x<=86016),	 (0<=y<=2048)
	基站#2986:	坐标(85402,5)	类别:乡镇	相对强度:0.9790
	基站#3003:	坐标(85407,1763)	类别:乡镇	相对强度:0.9810
#Lv.7 区块：(86016<=x<=88064),	 (0<=y<=2048)
	基站#3004:	坐标(87167,1710)	类别:乡镇	相对强度:1.0210
#Lv.7 区块：(88064<=x<=90112),	 (0<=y<=2048)
	基站#3005:	坐标(88973,1809)	类别:乡镇	相对强度:1.0150
#Lv.7 区块：(90112<=x<=92160),	 (0<=y<=2048)
	基站#2989:	坐标(90817,68)	类别:乡镇	相对强度:1.0180
	基站#3006:	坐标(90768,1833)	类别:乡镇	相对强度:0.9740
#Lv.7 区块：(92160<=x<=94208),	 (0<=y<=2048)
	基站#2990:	坐标(92506,17)	类别:乡镇	相对强度:1.0180
	基站#3007:	坐标(92657,1838)	类别:乡镇	相对强度:0.9520
#Lv.8 区块：(94208<=x<=95232),	 (0<=y<=1024)
	基站#2991:	坐标(94433,28)	类别:乡镇	相对强度:1.0100
#Lv.8 区块：(95232<=x<=96256),	 (0<=y<=1024)
	基站#2992:	坐标(96133,62)	类别:乡镇	相对强度:0.9510
#Lv.7 区块：(96256<=x<=98304),	 (0<=y<=2048)
	基站#3010:	坐标(98078,1775)	类别:乡镇	相对强度:1.0170
---

最东南角西北侧的再北侧有以下树叶区块:
---
