终端正在第1段路径上移动:
	[11:00:00] 无信号
	[11:00:03] 切换到基站#1913	类型:城区
	[11:00:53] 无信号
	[11:01:01] 切换到基站#1914	类型:城区
	[11:01:59] 无信号
	[11:02:13] 切换到基站#1915	类型:城区
	[11:03:04] 无信号
	[11:03:17] 切换到基站#1916	类型:城区
	[11:03:56] 切换到基站#50258	类型:城区
	[11:04:40] 切换到基站#50016	类型:城区
	[11:05:23] 无信号
	[11:05:26] 切换到基站#1918	类型:城区
	[11:06:19] 无信号
	[11:06:33] 切换到基站#1919	类型:城区
	[11:07:24] 无信号
	[11:07:39] 切换到基站#1920	类型:城区
	[11:08:27] 无信号
	[11:08:37] 切换到基站#1921	类型:城区
	[11:09:30] 无信号
	[11:09:45] 切换到基站#1922	类型:城区
	[11:10:41] 无信号
	[11:10:51] 切换到基站#1923	类型:城区
	[11:11:44] 无信号
	[11:11:48] 切换到基站#1924	类型:城区
	[11:12:44] 无信号
	[11:12:56] 切换到基站#1925	类型:城区
	[11:13:48] 无信号
	[11:13:59] 切换到基站#1926	类型:城区
	[11:14:54] 无信号
	[11:15:03] 切换到基站#1927	类型:城区
	[11:15:57] 无信号
	[11:16:12] 切换到基站#1928	类型:城区
	[11:17:09] 无信号
	[11:17:16] 切换到基站#1929	类型:城区
	[11:17:57] 切换到基站#50183	类型:城区
	[11:18:25] 切换到基站#1930	类型:城区
	[11:19:11] 无信号
	[11:19:22] 切换到基站#1931	类型:城区
	[11:20:19] 无信号
	[11:20:30] 切换到基站#1932	类型:城区
	[11:21:26] 无信号
	[11:21:34] 切换到基站#1933	类型:城区
	[11:22:22] 无信号
	[11:22:37] 切换到基站#1934	类型:城区
	[11:23:30] 无信号
	[11:23:40] 切换到基站#1935	类型:城区
	[11:24:38] 无信号
	[11:24:51] 切换到基站#1936	类型:城区
	[11:25:44] 无信号
	[11:25:55] 切换到基站#1937	类型:城区
	[11:26:45] 无信号
	[11:26:57] 切换到基站#1938	类型:城区
	[11:27:34] 切换到基站#50067	类型:城区
	[11:28:14] 切换到基站#1939	类型:城区
	[11:28:57] 无信号
	[11:29:08] 切换到基站#1940	类型:城区
终端正在第2段路径上移动:
	[11:30:00] 无信号
	[11:30:04] 切换到基站#1894	类型:城区
	[11:31:15] 无信号
	[11:31:20] 切换到基站#1847	类型:城区
	[11:32:08] 无信号
	[11:32:15] 切换到基站#1801	类型:城区
	[11:33:24] 无信号
	[11:33:29] 切换到基站#1754	类型:城区
	[11:34:23] 无信号
	[11:34:24] 切换到基站#1708	类型:城区
	[11:35:35] 无信号
	[11:35:39] 切换到基站#1661	类型:城区
	[11:36:32] 无信号
	[11:36:33] 切换到基站#1615	类型:城区
	[11:37:41] 无信号
	[11:37:46] 切换到基站#1568	类型:城区
	[11:38:41] 无信号
	[11:38:42] 切换到基站#1522	类型:城区
	[11:39:55] 无信号
	[11:39:58] 切换到基站#1475	类型:城区
	[11:40:51] 切换到基站#1429	类型:城区
	[11:41:59] 无信号
	[11:42:07] 切换到基站#1382	类型:城区
	[11:42:58] 无信号
	[11:43:00] 切换到基站#1336	类型:城区
	[11:44:04] 切换到基站#50141	类型:城区
	[11:44:49] 切换到基站#1289	类型:城区
	[11:45:02] 无信号
	[11:45:11] 切换到基站#1243	类型:城区
	[11:46:22] 无信号
	[11:46:27] 切换到基站#1196	类型:城区
	[11:47:19] 切换到基站#1150	类型:城区
	[11:48:30] 无信号
	[11:48:31] 切换到基站#1103	类型:城区
	[11:49:26] 无信号
	[11:49:28] 切换到基站#1057	类型:城区
	[11:50:16] 切换到基站#50168	类型:城区
	[11:50:43] 切换到基站#50070	类型:城区
	[11:51:40] 切换到基站#964	类型:城区
	[11:52:48] 无信号
	[11:52:59] 切换到基站#917	类型:城区
	[11:53:44] 无信号
	[11:53:50] 切换到基站#871	类型:城区
	[11:55:02] 无信号
	[11:55:07] 切换到基站#824	类型:城区
	[11:55:54] 切换到基站#778	类型:城区
	[11:57:07] 无信号
	[11:57:11] 切换到基站#731	类型:城区
	[11:58:05] 切换到基站#685	类型:城区
	[11:58:49] 切换到基站#50192	类型:城区
	[11:59:33] 切换到基站#638	类型:城区
终端正在第3段路径上移动:
	[12:07:30] 切换到基站#637	类型:城区
	[12:15:17] 无信号
	[12:15:28] 切换到基站#636	类型:城区
	[12:23:25] 切换到基站#635	类型:城区
	[12:29:59] 切换到基站#50037	类型:城区
	[12:32:51] 切换到基站#634	类型:城区
	[12:38:36] 切换到基站#50306	类型:城区
	[12:43:01] 切换到基站#633	类型:城区
	[12:47:09] 切换到基站#632	类型:城区
	[12:55:22] 切换到基站#50099	类型:城区
	[12:55:55] 切换到基站#631	类型:城区
	[13:04:00] 切换到基站#630	类型:城区
	[13:12:18] 切换到基站#629	类型:城区
	[13:20:07] 切换到基站#628	类型:城区
	[13:28:18] 切换到基站#627	类型:城区
	[13:36:13] 切换到基站#626	类型:城区
	[13:44:24] 切换到基站#625	类型:城区
	[13:52:17] 切换到基站#624	类型:城区
	[14:00:31] 切换到基站#623	类型:城区
	[14:08:41] 切换到基站#622	类型:城区
	[14:16:57] 切换到基站#621	类型:城区
	[14:24:36] 切换到基站#620	类型:城区
终端正在第4段路径上移动:
	[14:30:55] 切换到基站#621	类型:城区
	[14:31:19] 无信号
	[14:31:36] 切换到基站#668	类型:城区
	[14:32:46] 无信号
	[14:33:00] 切换到基站#715	类型:城区
	[14:33:30] 无信号
	[14:33:33] 切换到基站#716	类型:城区
	[14:34:44] 无信号
	[14:34:49] 切换到基站#763	类型:城区
	[14:35:38] 切换到基站#764	类型:城区
	[14:36:38] 切换到基站#811	类型:城区
	[14:37:39] 切换到基站#812	类型:城区
	[14:38:29] 无信号
	[14:38:33] 切换到基站#859	类型:城区
	[14:39:40] 切换到基站#860	类型:城区
	[14:40:23] 无信号
	[14:40:25] 切换到基站#907	类型:城区
	[14:41:37] 切换到基站#908	类型:城区
	[14:42:06] 切换到基站#954	类型:城区
	[14:42:15] 无信号
	[14:42:25] 切换到基站#955	类型:城区
	[14:43:37] 无信号
	[14:43:38] 切换到基站#1002	类型:城区
	[14:44:24] 切换到基站#1003	类型:城区
	[14:45:33] 切换到基站#1050	类型:城区
	[14:46:22] 切换到基站#1051	类型:城区
	[14:47:20] 无信号
	[14:47:26] 切换到基站#1098	类型:城区
	[14:48:14] 切换到基站#50071	类型:城区
	[14:48:37] 切换到基站#1099	类型:城区
	[14:49:14] 无信号
	[14:49:22] 切换到基站#1146	类型:城区
	[14:50:29] 切换到基站#1147	类型:城区
	[14:51:12] 切换到基站#1194	类型:城区
	[14:52:24] 切换到基站#1195	类型:城区
	[14:52:46] 切换到基站#50203	类型:城区
	[14:53:22] 切换到基站#1242	类型:城区
	[14:54:19] 无信号
	[14:54:35] 切换到基站#1289	类型:城区
	[14:55:04] 无信号
	[14:55:09] 切换到基站#1290	类型:城区
	[14:56:17] 无信号
	[14:56:23] 切换到基站#1337	类型:城区
	[14:57:08] 切换到基站#1338	类型:城区
	[14:58:12] 切换到基站#1385	类型:城区
	[14:59:09] 切换到基站#1386	类型:城区
终端正在第5段路径上移动:
	[15:00:10] 无信号
	[15:00:13] 切换到基站#1433	类型:城区
	[15:00:42] 切换到基站#1387	类型:城区
	[15:01:16] 无信号
	[15:01:23] 切换到基站#1434	类型:城区
	[15:01:43] 无信号
	[15:02:20] 切换到基站#1435	类型:城区
	[15:02:40] 切换到基站#2190	类型:高速
	[15:03:01] 切换到基站#1389	类型:城区
	[15:03:14] 切换到基站#2190	类型:高速
	[15:03:22] 切换到基站#1436	类型:城区
	[15:03:49] 切换到基站#2190	类型:高速
终端正在第6段路径上移动:
	[15:13:44] 切换到基站#2191	类型:高速
	[15:18:36] 无信号
终端正在第7段路径上移动:
	[15:22:05] 切换到基站#2192	类型:高速
	[15:28:39] 切换到基站#2188	类型:高速
终端正在第8段路径上移动:
	[15:33:16] 无信号
	[15:34:08] 切换到基站#2189	类型:高速
	[15:39:07] 无信号
	[15:51:11] 切换到基站#2195	类型:高速
	[15:56:22] 无信号
	[15:56:54] 切换到基站#2196	类型:高速
	[15:59:55] 切换到基站#2619	类型:城区
终端正在第9段路径上移动:
	[16:00:09] 切换到基站#2196	类型:高速
	[16:00:27] 切换到基站#2591	类型:城区
	[16:00:48] 切换到基站#2196	类型:高速
	[16:02:07] 切换到基站#2564	类型:城区
	[16:02:52] 切换到基站#2196	类型:高速
	[16:03:49] 切换到基站#2537	类型:城区
	[16:04:41] 切换到基站#2196	类型:高速
	[16:05:08] 切换到基站#50465	类型:城区
	[16:05:27] 切换到基站#2196	类型:高速
	[16:05:45] 切换到基站#2510	类型:城区
	[16:06:30] 切换到基站#2196	类型:高速
	[16:08:28] 切换到基站#2455	类型:城区
	[16:09:20] 切换到基站#2196	类型:高速
	[16:10:13] 切换到基站#2428	类型:城区
	[16:11:05] 切换到基站#50432	类型:城区
	[16:11:27] 切换到基站#2196	类型:高速
	[16:12:00] 切换到基站#2401	类型:城区
	[16:13:10] 切换到基站#2373	类型:城区
	[16:14:00] 切换到基站#2374	类型:城区
	[16:14:50] 切换到基站#2346	类型:城区
	[16:16:06] 无信号
	[16:16:31] 切换到基站#2319	类型:城区
	[16:17:58] 无信号
	[16:18:01] 切换到基站#50433	类型:城区
	[16:19:03] 切换到基站#2292	类型:城区
	[16:19:17] 切换到基站#50366	类型:城区
	[16:19:51] 切换到基站#2264	类型:城区
	[16:20:24] 切换到基站#50411	类型:城区
	[16:21:22] 切换到基站#2237	类型:城区
	[16:22:15] 无信号
	[16:23:01] 切换到基站#2210	类型:城区
	[16:24:11] 切换到基站#3182	类型:乡镇
	[16:24:33] 切换到基站#50563	类型:城区
	[16:25:11] 切换到基站#3182	类型:乡镇
	[16:26:59] 切换到基站#3165	类型:乡镇
	[16:28:38] 切换到基站#50550	类型:城区
	[16:29:02] 切换到基站#3165	类型:乡镇
	[16:30:06] 切换到基站#3166	类型:乡镇
	[16:32:18] 无信号
	[16:32:25] 切换到基站#3149	类型:乡镇
	[16:36:53] 无信号
	[16:38:13] 切换到基站#3133	类型:乡镇
	[16:42:31] 切换到基站#50552	类型:城区
	[16:42:58] 切换到基站#3133	类型:乡镇
	[16:43:03] 无信号
	[16:44:33] 切换到基站#50691	类型:城区
	[16:45:27] 无信号
	[16:45:59] 切换到基站#3117	类型:乡镇
	[16:48:28] 切换到基站#3100	类型:乡镇
	[16:50:54] 切换到基站#50534	类型:城区
	[16:51:49] 切换到基站#3101	类型:乡镇
	[16:53:40] 切换到基站#50584	类型:城区
	[16:54:32] 切换到基站#3084	类型:乡镇
	[16:57:51] 切换到基站#50503	类型:城区
	[16:58:48] 无信号
终端正在第10段路径上移动:
	[17:00:31] 切换到基站#3067	类型:乡镇
	[17:01:51] 切换到基站#50515	类型:城区
	[17:02:05] 切换到基站#3067	类型:乡镇
	[17:02:34] 切换到基站#3066	类型:乡镇
	[17:04:48] 无信号
	[17:04:49] 切换到基站#50480	类型:城区
	[17:05:18] 切换到基站#3065	类型:乡镇
	[17:06:24] 切换到基站#50803	类型:城区
	[17:06:53] 无信号
	[17:07:23] 切换到基站#3047	类型:乡镇
	[17:09:22] 切换到基站#3046	类型:乡镇
	[17:11:39] 切换到基站#3045	类型:乡镇
	[17:13:37] 无信号
	[17:14:28] 切换到基站#3027	类型:乡镇
	[17:15:55] 切换到基站#50513	类型:城区
	[17:16:20] 切换到基站#3026	类型:乡镇
	[17:18:19] 切换到基站#3025	类型:乡镇
	[17:20:34] 无信号
	[17:20:46] 切换到基站#3024	类型:乡镇
	[17:22:16] 无信号
	[17:23:07] 切换到基站#3006	类型:乡镇
	[17:25:09] 切换到基站#3005	类型:乡镇
	[17:27:23] 切换到基站#3004	类型:乡镇
	[17:27:46] 切换到基站#50695	类型:城区
	[17:28:10] 切换到基站#3004	类型:乡镇
	[17:28:42] 切换到基站#50531	类型:城区
	[17:28:58] 切换到基站#3004	类型:乡镇
	[17:29:28] 无信号
终端正在第11段路径上移动:
	[17:30:42] 切换到基站#3003	类型:乡镇
	[17:46:34] 无信号
	[17:48:39] 切换到基站#3020	类型:乡镇
	[18:04:31] 无信号
	[18:07:21] 切换到基站#3037	类型:乡镇
终端正在第12段路径上移动:
	[18:13:52] 无信号
	[18:15:12] 切换到基站#3038	类型:乡镇
	[18:51:51] 无信号
	[18:53:28] 切换到基站#3039	类型:乡镇
---
经过以下154个城区基站:
	1913  	1914  	1915  	1916  	50258  	50016  	1918  	1919  	1920  	1921  	
	1922  	1923  	1924  	1925  	1926  	1927  	1928  	1929  	50183  	1930  	
	1931  	1932  	1933  	1934  	1935  	1936  	1937  	1938  	50067  	1939  	
	1940  	1894  	1847  	1801  	1754  	1708  	1661  	1615  	1568  	1522  	
	1475  	1429  	1382  	1336  	50141  	1289  	1243  	1196  	1150  	1103  	
	1057  	50168  	50070  	964  	917  	871  	824  	778  	731  	685  	
	50192  	638  	637  	636  	635  	50037  	634  	50306  	633  	632  	
	50099  	631  	630  	629  	628  	627  	626  	625  	624  	623  	
	622  	621  	620  	668  	715  	716  	763  	764  	811  	812  	
	859  	860  	907  	908  	954  	955  	1002  	1003  	1050  	1051  	
	1098  	50071  	1099  	1146  	1147  	1194  	1195  	50203  	1242  	1290  	
	1337  	1338  	1385  	1386  	1433  	1387  	1434  	1435  	1389  	1436  	
	2619  	2591  	2564  	2537  	50465  	2510  	2455  	2428  	50432  	2401  	
	2373  	2374  	2346  	2319  	50433  	2292  	50366  	2264  	50411  	2237  	
	2210  	50563  	50550  	50552  	50691  	50534  	50584  	50503  	50515  	50480  	
	50803  	50513  	50695  	50531  	
经过以下27个乡镇基站:
	3182  	3165  	3166  	3149  	3133  	3117  	3100  	3101  	3084  	3067  	
	3066  	3065  	3047  	3046  	3045  	3027  	3026  	3025  	3024  	3006  	
	3005  	3004  	3003  	3020  	3037  	3038  	3039  	
经过以下7个高速基站:
	2190 2191 2192 2188 2189 2195 2196 
完成
